[2022-05-11 05:09:57Z INFO HostContext] No proxy settings were found based on environmental variables (http_proxy/https_proxy/HTTP_PROXY/HTTPS_PROXY)
[2022-05-11 05:09:57Z INFO HostContext] Well known directory 'Bin': '/Users/trinhchin/Desktop/web/firebase-chat-app/actions-runner/bin'
[2022-05-11 05:09:57Z INFO HostContext] Well known directory 'Root': '/Users/trinhchin/Desktop/web/firebase-chat-app/actions-runner'
[2022-05-11 05:09:57Z INFO HostContext] Well known config file 'Credentials': '/Users/trinhchin/Desktop/web/firebase-chat-app/actions-runner/.credentials'
[2022-05-11 05:09:57Z INFO HostContext] Well known directory 'Bin': '/Users/trinhchin/Desktop/web/firebase-chat-app/actions-runner/bin'
[2022-05-11 05:09:57Z INFO HostContext] Well known directory 'Root': '/Users/trinhchin/Desktop/web/firebase-chat-app/actions-runner'
[2022-05-11 05:09:57Z INFO HostContext] Well known config file 'Runner': '/Users/trinhchin/Desktop/web/firebase-chat-app/actions-runner/.runner'
[2022-05-11 05:09:57Z INFO Listener] Runner is built for OSX (X64) - osx-x64.
[2022-05-11 05:09:57Z INFO Listener] RuntimeInformation: Darwin 21.4.0 Darwin Kernel Version 21.4.0: Mon Feb 21 20:34:37 PST 2022; root:xnu-8020.101.4~2/RELEASE_X86_64.
[2022-05-11 05:09:58Z INFO Listener] Version: 2.291.1
[2022-05-11 05:09:58Z INFO Listener] Commit: 496ec0df97891bd8e50f4431d01874ac3ab75a93
[2022-05-11 05:09:58Z INFO Listener] Culture: en-US
[2022-05-11 05:09:58Z INFO Listener] UI Culture: en-US
[2022-05-11 05:09:58Z INFO HostContext] Well known directory 'Bin': '/Users/trinhchin/Desktop/web/firebase-chat-app/actions-runner/bin'
[2022-05-11 05:09:58Z INFO HostContext] Well known directory 'Root': '/Users/trinhchin/Desktop/web/firebase-chat-app/actions-runner'
[2022-05-11 05:09:58Z INFO Listener] Validating directory permissions for: '/Users/trinhchin/Desktop/web/firebase-chat-app/actions-runner'
[2022-05-11 05:09:58Z INFO CommandLineParser] Parse
[2022-05-11 05:09:58Z INFO CommandLineParser] Parsing 5 args
[2022-05-11 05:09:58Z INFO CommandLineParser] parsing argument
[2022-05-11 05:09:58Z INFO CommandLineParser] HasArgs: False
[2022-05-11 05:09:58Z INFO CommandLineParser] Adding Command: configure
[2022-05-11 05:09:58Z INFO CommandLineParser] parsing argument
[2022-05-11 05:09:58Z INFO CommandLineParser] HasArgs: True
[2022-05-11 05:09:58Z INFO CommandLineParser] arg: url
[2022-05-11 05:09:58Z INFO CommandLineParser] parsing argument
[2022-05-11 05:09:58Z INFO CommandLineParser] HasArgs: True
[2022-05-11 05:09:58Z INFO CommandLineParser] Adding option 'url': 'https://github.com/chnirt/firebase-chat-app'
[2022-05-11 05:09:58Z INFO CommandLineParser] parsing argument
[2022-05-11 05:09:58Z INFO CommandLineParser] HasArgs: True
[2022-05-11 05:09:58Z INFO CommandLineParser] arg: token
[2022-05-11 05:09:58Z INFO CommandLineParser] parsing argument
[2022-05-11 05:09:58Z INFO CommandLineParser] HasArgs: True
[2022-05-11 05:09:58Z INFO CommandLineParser] Adding option 'token': '***'
[2022-05-11 05:09:58Z INFO Listener] Arguments parsed
[2022-05-11 05:09:59Z INFO Runner] ExecuteCommand
[2022-05-11 05:09:59Z INFO ConfigurationStore] currentAssemblyLocation: /Users/trinhchin/Desktop/web/firebase-chat-app/actions-runner/bin/Runner.Listener.dll
[2022-05-11 05:09:59Z INFO HostContext] Well known directory 'Bin': '/Users/trinhchin/Desktop/web/firebase-chat-app/actions-runner/bin'
[2022-05-11 05:09:59Z INFO ConfigurationStore] binPath: /Users/trinhchin/Desktop/web/firebase-chat-app/actions-runner/bin
[2022-05-11 05:09:59Z INFO HostContext] Well known directory 'Bin': '/Users/trinhchin/Desktop/web/firebase-chat-app/actions-runner/bin'
[2022-05-11 05:09:59Z INFO HostContext] Well known directory 'Root': '/Users/trinhchin/Desktop/web/firebase-chat-app/actions-runner'
[2022-05-11 05:09:59Z INFO ConfigurationStore] RootFolder: /Users/trinhchin/Desktop/web/firebase-chat-app/actions-runner
[2022-05-11 05:09:59Z INFO HostContext] Well known directory 'Bin': '/Users/trinhchin/Desktop/web/firebase-chat-app/actions-runner/bin'
[2022-05-11 05:09:59Z INFO HostContext] Well known directory 'Root': '/Users/trinhchin/Desktop/web/firebase-chat-app/actions-runner'
[2022-05-11 05:09:59Z INFO HostContext] Well known config file 'Runner': '/Users/trinhchin/Desktop/web/firebase-chat-app/actions-runner/.runner'
[2022-05-11 05:09:59Z INFO ConfigurationStore] ConfigFilePath: /Users/trinhchin/Desktop/web/firebase-chat-app/actions-runner/.runner
[2022-05-11 05:09:59Z INFO HostContext] Well known directory 'Bin': '/Users/trinhchin/Desktop/web/firebase-chat-app/actions-runner/bin'
[2022-05-11 05:09:59Z INFO HostContext] Well known directory 'Root': '/Users/trinhchin/Desktop/web/firebase-chat-app/actions-runner'
[2022-05-11 05:09:59Z INFO HostContext] Well known config file 'Credentials': '/Users/trinhchin/Desktop/web/firebase-chat-app/actions-runner/.credentials'
[2022-05-11 05:09:59Z INFO ConfigurationStore] CredFilePath: /Users/trinhchin/Desktop/web/firebase-chat-app/actions-runner/.credentials
[2022-05-11 05:09:59Z INFO HostContext] Well known directory 'Bin': '/Users/trinhchin/Desktop/web/firebase-chat-app/actions-runner/bin'
[2022-05-11 05:09:59Z INFO HostContext] Well known directory 'Root': '/Users/trinhchin/Desktop/web/firebase-chat-app/actions-runner'
[2022-05-11 05:09:59Z INFO HostContext] Well known config file 'MigratedCredentials': '/Users/trinhchin/Desktop/web/firebase-chat-app/actions-runner/.credentials_migrated'
[2022-05-11 05:09:59Z INFO ConfigurationStore] MigratedCredFilePath: /Users/trinhchin/Desktop/web/firebase-chat-app/actions-runner/.credentials_migrated
[2022-05-11 05:09:59Z INFO HostContext] Well known directory 'Bin': '/Users/trinhchin/Desktop/web/firebase-chat-app/actions-runner/bin'
[2022-05-11 05:09:59Z INFO HostContext] Well known directory 'Root': '/Users/trinhchin/Desktop/web/firebase-chat-app/actions-runner'
[2022-05-11 05:09:59Z INFO HostContext] Well known config file 'Service': '/Users/trinhchin/Desktop/web/firebase-chat-app/actions-runner/.service'
[2022-05-11 05:09:59Z INFO ConfigurationStore] ServiceConfigFilePath: /Users/trinhchin/Desktop/web/firebase-chat-app/actions-runner/.service
[2022-05-11 05:09:59Z INFO CommandSettings] Flag 'help': 'False'
[2022-05-11 05:09:59Z INFO CommandSettings] Flag 'version': 'False'
[2022-05-11 05:09:59Z INFO CommandSettings] Flag 'commit': 'False'
[2022-05-11 05:09:59Z INFO CommandSettings] Flag 'check': 'False'
[2022-05-11 05:09:59Z INFO CommandSettings] Command 'configure': 'True'
[2022-05-11 05:09:59Z INFO Terminal] WRITE LINE: 
[2022-05-11 05:09:59Z INFO Terminal] WRITE LINE: --------------------------------------------------------------------------------
[2022-05-11 05:09:59Z INFO Terminal] WRITE LINE: |        ____ _ _   _   _       _          _        _   _                      |
[2022-05-11 05:09:59Z INFO Terminal] WRITE LINE: |       / ___(_) |_| | | |_   _| |__      / \   ___| |_(_) ___  _ __  ___      |
[2022-05-11 05:09:59Z INFO Terminal] WRITE LINE: |      | |  _| | __| |_| | | | | '_ \    / _ \ / __| __| |/ _ \| '_ \/ __|     |
[2022-05-11 05:09:59Z INFO Terminal] WRITE LINE: |      | |_| | | |_|  _  | |_| | |_) |  / ___ \ (__| |_| | (_) | | | \__ \     |
[2022-05-11 05:09:59Z INFO Terminal] WRITE LINE: |       \____|_|\__|_| |_|\__,_|_.__/  /_/   \_\___|\__|_|\___/|_| |_|___/     |
[2022-05-11 05:09:59Z INFO Terminal] WRITE LINE: |                                                                              |
[2022-05-11 05:09:59Z INFO Terminal] WRITE: |                       
[2022-05-11 05:09:59Z INFO Terminal] WRITE: Self-hosted runner registration
[2022-05-11 05:09:59Z INFO Terminal] WRITE LINE:                         |
[2022-05-11 05:09:59Z INFO Terminal] WRITE LINE: |                                                                              |
[2022-05-11 05:09:59Z INFO Terminal] WRITE LINE: --------------------------------------------------------------------------------
[2022-05-11 05:09:59Z INFO ConfigurationManager] ConfigureAsync
[2022-05-11 05:09:59Z INFO ConfigurationStore] IsConfigured()
[2022-05-11 05:09:59Z INFO ConfigurationStore] IsConfigured: False
[2022-05-11 05:09:59Z INFO ConfigurationManager] Is configured: False
[2022-05-11 05:09:59Z INFO CommandSettings] Arg 'url': 'https://github.com/chnirt/firebase-chat-app'
[2022-05-11 05:09:59Z INFO CommandSettings] Remove url from Arg dictionary.
[2022-05-11 05:09:59Z INFO CommandSettings] Arg 'token': '***'
[2022-05-11 05:09:59Z INFO CommandSettings] Remove token from Arg dictionary.
[2022-05-11 05:10:06Z INFO ConfigurationManager] Http response code: OK from 'POST https://api.github.com/actions/runner-registration'
[2022-05-11 05:10:07Z INFO ConfigurationManager] cred retrieved via GitHub auth
[2022-05-11 05:10:07Z INFO RunnerServer] Establish connection with 100 seconds timeout.
[2022-05-11 05:10:08Z INFO GitHubActionsService] Starting operation Location.GetConnectionData
[2022-05-11 05:10:08Z INFO RunnerServer] Establish connection with 60 seconds timeout.
[2022-05-11 05:10:08Z INFO GitHubActionsService] Starting operation Location.GetConnectionData
[2022-05-11 05:10:08Z INFO RunnerServer] Establish connection with 60 seconds timeout.
[2022-05-11 05:10:08Z INFO GitHubActionsService] Starting operation Location.GetConnectionData
[2022-05-11 05:10:10Z INFO GitHubActionsService] Finished operation Location.GetConnectionData
[2022-05-11 05:10:10Z INFO GitHubActionsService] Finished operation Location.GetConnectionData
[2022-05-11 05:10:10Z INFO GitHubActionsService] Finished operation Location.GetConnectionData
[2022-05-11 05:10:10Z INFO Terminal] WRITE LINE: 
[2022-05-11 05:10:10Z INFO ConfigurationManager] Test Connection complete.
[2022-05-11 05:10:10Z INFO HostContext] Well known directory 'Bin': '/Users/trinhchin/Desktop/web/firebase-chat-app/actions-runner/bin'
[2022-05-11 05:10:10Z INFO HostContext] Well known directory 'Root': '/Users/trinhchin/Desktop/web/firebase-chat-app/actions-runner'
[2022-05-11 05:10:10Z INFO HostContext] Well known config file 'RSACredentials': '/Users/trinhchin/Desktop/web/firebase-chat-app/actions-runner/.credentials_rsaparams'
[2022-05-11 05:10:10Z INFO RSAFileKeyManager] Creating new RSA key using 2048-bit key length
[2022-05-11 05:10:10Z INFO RSAFileKeyManager] Successfully saved RSA key parameters to file /Users/trinhchin/Desktop/web/firebase-chat-app/actions-runner/.credentials_rsaparams
[2022-05-11 05:10:10Z INFO RSAFileKeyManager] Which: 'chmod'
[2022-05-11 05:10:10Z INFO RSAFileKeyManager] Location: '/bin/chmod'
[2022-05-11 05:10:11Z INFO HostContext] Well known directory 'Bin': '/Users/trinhchin/Desktop/web/firebase-chat-app/actions-runner/bin'
[2022-05-11 05:10:11Z INFO HostContext] Well known directory 'Root': '/Users/trinhchin/Desktop/web/firebase-chat-app/actions-runner'
[2022-05-11 05:10:11Z INFO ProcessInvokerWrapper] Starting process:
[2022-05-11 05:10:11Z INFO ProcessInvokerWrapper]   File name: '/bin/chmod'
[2022-05-11 05:10:11Z INFO ProcessInvokerWrapper]   Arguments: '600 /Users/trinhchin/Desktop/web/firebase-chat-app/actions-runner/.credentials_rsaparams'
[2022-05-11 05:10:11Z INFO ProcessInvokerWrapper]   Working directory: '/Users/trinhchin/Desktop/web/firebase-chat-app/actions-runner'
[2022-05-11 05:10:11Z INFO ProcessInvokerWrapper]   Require exit code zero: 'False'
[2022-05-11 05:10:11Z INFO ProcessInvokerWrapper]   Encoding web name:  ; code page: ''
[2022-05-11 05:10:11Z INFO ProcessInvokerWrapper]   Force kill process on cancellation: 'False'
[2022-05-11 05:10:11Z INFO ProcessInvokerWrapper]   Redirected STDIN: 'False'
[2022-05-11 05:10:11Z INFO ProcessInvokerWrapper]   Persist current code page: 'False'
[2022-05-11 05:10:11Z INFO ProcessInvokerWrapper]   Keep redirected STDIN open: 'False'
[2022-05-11 05:10:11Z INFO ProcessInvokerWrapper]   High priority process: 'False'
[2022-05-11 05:10:11Z INFO ProcessInvokerWrapper] Process started with process id 10292, waiting for process exit.
[2022-05-11 05:10:11Z INFO ProcessInvokerWrapper] STDOUT/STDERR stream read finished.
[2022-05-11 05:10:11Z INFO ProcessInvokerWrapper] STDOUT/STDERR stream read finished.
[2022-05-11 05:10:11Z INFO ProcessInvokerWrapper] Finished process 10292 with exit code 0, and elapsed time 00:00:00.3527574.
[2022-05-11 05:10:11Z INFO RSAFileKeyManager] Successfully set permissions for RSA key parameters file /Users/trinhchin/Desktop/web/firebase-chat-app/actions-runner/.credentials_rsaparams
[2022-05-11 05:10:12Z INFO CommandSettings] Arg 'runnergroup': ''
[2022-05-11 05:10:12Z INFO CommandSettings] Flag 'unattended': 'False'
[2022-05-11 05:10:12Z INFO PromptManager] ReadValue
[2022-05-11 05:10:12Z INFO Terminal] WRITE: Enter the name of the runner group to add this runner to: 
[2022-05-11 05:10:12Z INFO Terminal] WRITE: [press Enter for Default] 
[2022-05-11 05:10:12Z INFO Terminal] READ LINE
[2022-05-11 05:12:33Z INFO Terminal] Read value: ''
[2022-05-11 05:12:33Z INFO PromptManager] Falling back to the default: 'Default'
[2022-05-11 05:12:33Z INFO Terminal] WRITE LINE: 
[2022-05-11 05:12:33Z INFO ConfigurationManager] Found a self-hosted runner group with id 1 and name Default
[2022-05-11 05:12:33Z INFO CommandSettings] Flag 'disableupdate': 'False'
[2022-05-11 05:12:33Z INFO CommandSettings] Flag 'ephemeral': 'False'
[2022-05-11 05:12:33Z INFO CommandSettings] Arg 'name': ''
[2022-05-11 05:12:33Z INFO CommandSettings] Flag 'unattended': 'False'
[2022-05-11 05:12:33Z INFO PromptManager] ReadValue
[2022-05-11 05:12:33Z INFO Terminal] WRITE: Enter the name of runner: 
[2022-05-11 05:12:33Z INFO Terminal] WRITE: [press Enter for Trinhs-MacBook-Pro] 
[2022-05-11 05:12:33Z INFO Terminal] READ LINE
[2022-05-11 05:12:35Z INFO Terminal] Read value: ''
[2022-05-11 05:12:35Z INFO PromptManager] Falling back to the default: 'Trinhs-MacBook-Pro'
[2022-05-11 05:12:35Z INFO Terminal] WRITE LINE: 
[2022-05-11 05:12:35Z INFO CommandSettings] Arg 'labels': ''
[2022-05-11 05:12:35Z INFO CommandSettings] Flag 'unattended': 'False'
[2022-05-11 05:12:35Z INFO PromptManager] ReadValue
[2022-05-11 05:12:35Z INFO Terminal] WRITE: This runner will have the following labels: 'self-hosted', 'macOS', 'X64' 
Enter any additional labels (ex. label-1,label-2): 
[2022-05-11 05:12:35Z INFO Terminal] WRITE: [press Enter to skip] 
[2022-05-11 05:12:35Z INFO Terminal] READ LINE
[2022-05-11 05:12:39Z INFO Terminal] Read value: ''
[2022-05-11 05:12:39Z INFO Terminal] WRITE LINE: 
[2022-05-11 05:12:40Z INFO CommandSettings] Flag 'disableupdate': 'False'
[2022-05-11 05:12:40Z INFO CommandSettings] Flag 'disableupdate': 'False'
[2022-05-11 05:12:40Z INFO CommandSettings] Flag 'ephemeral': 'False'
[2022-05-11 05:12:40Z INFO ConfigurationStore] Saving OAuth credential @ /Users/trinhchin/Desktop/web/firebase-chat-app/actions-runner/.credentials
[2022-05-11 05:12:40Z INFO ConfigurationStore] Credentials Saved.
[2022-05-11 05:12:40Z INFO ConfigurationStore] HasCredentials()
[2022-05-11 05:12:40Z INFO ConfigurationStore] stored True
[2022-05-11 05:12:40Z INFO CredentialManager] GetCredentialProvider
[2022-05-11 05:12:40Z INFO CredentialManager] Creating type OAuth
[2022-05-11 05:12:40Z INFO CredentialManager] Creating credential type: OAuth
[2022-05-11 05:12:40Z INFO RSAFileKeyManager] Loading RSA key parameters from file /Users/trinhchin/Desktop/web/firebase-chat-app/actions-runner/.credentials_rsaparams
[2022-05-11 05:12:40Z INFO RunnerServer] Establish connection with 100 seconds timeout.
[2022-05-11 05:12:40Z INFO GitHubActionsService] Starting operation Location.GetConnectionData
[2022-05-11 05:12:40Z INFO RunnerServer] Establish connection with 60 seconds timeout.
[2022-05-11 05:12:40Z INFO GitHubActionsService] Starting operation Location.GetConnectionData
[2022-05-11 05:12:40Z INFO RunnerServer] Establish connection with 60 seconds timeout.
[2022-05-11 05:12:40Z INFO GitHubActionsService] Starting operation Location.GetConnectionData
[2022-05-11 05:12:42Z INFO GitHubActionsService] Finished operation Location.GetConnectionData
[2022-05-11 05:12:42Z INFO GitHubActionsService] Finished operation Location.GetConnectionData
[2022-05-11 05:12:42Z INFO GitHubActionsService] Finished operation Location.GetConnectionData
[2022-05-11 05:12:42Z WARN GitHubActionsService] Authentication failed with status code 401.
Transfer-Encoding: chunked
WWW-Authenticate: Bearer
Strict-Transport-Security: max-age=2592000
X-TFS-ProcessId: d946ea6d-abae-4eeb-8987-be8f2f47984f
ActivityId: daa7b645-f89d-4752-9fce-0fa9c3e8de5a
X-TFS-Session: d98bae38-f536-43b0-b985-9ac9230e6aac
X-VSS-E2EID: 067c5cf5-f8f6-4f3a-8149-956a3538b702
X-VSS-SenderDeploymentId: 9d51f527-7c54-71ef-5aa4-7c3dc660eb8a
X-TFS-ServiceError: The+user+%27System%3aPublicAccess%3baaaaaaaa-aaaa-aaaa-aaaa-aaaaaaaaaaaa%27+is+not+authorized+to+access+this+resource.
X-VSS-S2STargetService: 0000005A-0000-8888-8000-000000000000/visualstudio.com
X-Cache: CONFIG_NOCACHE
X-MSEdge-Ref: Ref A: 774BF3682853443C9067C79C0F34135C Ref B: SGN30EDGE0408 Ref C: 2022-05-11T05:12:42Z
Date: Wed, 11 May 2022 05:12:42 GMT

[2022-05-11 05:12:42Z INFO RSAFileKeyManager] Loading RSA key parameters from file /Users/trinhchin/Desktop/web/firebase-chat-app/actions-runner/.credentials_rsaparams
[2022-05-11 05:12:42Z INFO RSAFileKeyManager] Loading RSA key parameters from file /Users/trinhchin/Desktop/web/firebase-chat-app/actions-runner/.credentials_rsaparams
[2022-05-11 05:12:43Z INFO GitHubActionsService] AAD Correlation ID for this token request: Unknown
[2022-05-11 05:12:44Z INFO CommandSettings] Arg 'work': ''
[2022-05-11 05:12:44Z INFO CommandSettings] Flag 'unattended': 'False'
[2022-05-11 05:12:44Z INFO PromptManager] ReadValue
[2022-05-11 05:12:44Z INFO Terminal] WRITE: Enter name of work folder: 
[2022-05-11 05:12:44Z INFO Terminal] WRITE: [press Enter for _work] 
[2022-05-11 05:12:44Z INFO Terminal] READ LINE
[2022-05-11 05:12:50Z INFO Terminal] Read value: ''
[2022-05-11 05:12:50Z INFO PromptManager] Falling back to the default: '_work'
[2022-05-11 05:12:50Z INFO ConfigurationStore] Saving runner settings.
[2022-05-11 05:12:50Z INFO ConfigurationStore] Settings Saved.
[2022-05-11 05:12:50Z INFO Terminal] WRITE LINE: 
[2022-05-11 05:12:50Z INFO Terminal] WRITE LINE: 
[2022-05-11 05:12:50Z INFO OsxServiceControlManager] Service name 'actions.runner.chnirt-firebase-chat-app.Trinhs-MacBook-Pro' display name 'GitHub Actions Runner (chnirt-firebase-chat-app.Trinhs-MacBook-Pro)' will be used for service configuration.
[2022-05-11 05:12:50Z INFO HostContext] Well known directory 'Bin': '/Users/trinhchin/Desktop/web/firebase-chat-app/actions-runner/bin'
[2022-05-11 05:12:50Z INFO HostContext] Well known directory 'Root': '/Users/trinhchin/Desktop/web/firebase-chat-app/actions-runner'
[2022-05-11 05:12:50Z INFO HostContext] Well known directory 'Bin': '/Users/trinhchin/Desktop/web/firebase-chat-app/actions-runner/bin'
[2022-05-11 05:12:50Z INFO HostContext] Well known directory 'Bin': '/Users/trinhchin/Desktop/web/firebase-chat-app/actions-runner/bin'
[2022-05-11 05:12:50Z INFO HostContext] Well known directory 'Root': '/Users/trinhchin/Desktop/web/firebase-chat-app/actions-runner'
[2022-05-11 05:12:50Z INFO UnixUtil] Which: 'chmod'
[2022-05-11 05:12:50Z INFO UnixUtil] Location: '/bin/chmod'
[2022-05-11 05:12:50Z INFO UnixUtil] Running /bin/chmod 755 "/Users/trinhchin/Desktop/web/firebase-chat-app/actions-runner/svc.sh"
[2022-05-11 05:12:50Z INFO ProcessInvokerWrapper] Starting process:
[2022-05-11 05:12:50Z INFO ProcessInvokerWrapper]   File name: '/bin/chmod'
[2022-05-11 05:12:50Z INFO ProcessInvokerWrapper]   Arguments: '755 "/Users/trinhchin/Desktop/web/firebase-chat-app/actions-runner/svc.sh"'
[2022-05-11 05:12:50Z INFO ProcessInvokerWrapper]   Working directory: '/Users/trinhchin/Desktop/web/firebase-chat-app/actions-runner'
[2022-05-11 05:12:50Z INFO ProcessInvokerWrapper]   Require exit code zero: 'True'
[2022-05-11 05:12:50Z INFO ProcessInvokerWrapper]   Encoding web name:  ; code page: ''
[2022-05-11 05:12:50Z INFO ProcessInvokerWrapper]   Force kill process on cancellation: 'False'
[2022-05-11 05:12:50Z INFO ProcessInvokerWrapper]   Redirected STDIN: 'False'
[2022-05-11 05:12:50Z INFO ProcessInvokerWrapper]   Persist current code page: 'False'
[2022-05-11 05:12:50Z INFO ProcessInvokerWrapper]   Keep redirected STDIN open: 'False'
[2022-05-11 05:12:50Z INFO ProcessInvokerWrapper]   High priority process: 'False'
[2022-05-11 05:12:50Z INFO ProcessInvokerWrapper] Process started with process id 10409, waiting for process exit.
[2022-05-11 05:12:50Z INFO ProcessInvokerWrapper] STDOUT/STDERR stream read finished.
[2022-05-11 05:12:50Z INFO ProcessInvokerWrapper] STDOUT/STDERR stream read finished.
[2022-05-11 05:12:50Z INFO ProcessInvokerWrapper] Finished process 10409 with exit code 0, and elapsed time 00:00:00.0084228.
[2022-05-11 05:12:50Z INFO Listener] Runner execution has finished with return code 0
